00:50:39.568 [main] INFO  settingsAppTest1 - close driver
00:50:45.817 [main] INFO  settingsAppTest1 - Create Appium driver for local execution
00:50:56.747 [main] INFO  settingsAppTest1 - <?xml version='1.0' encoding='UTF-8' standalone='yes' ?>
<hierarchy index="0" class="hierarchy" rotation="0" width="1080" height="1776">
  <android.widget.FrameLayout index="0" package="com.android.settings" class="android.widget.FrameLayout" text="" checkable="false" checked="false" clickable="false" enabled="true" focusable="false" focused="false" long-clickable="false" password="false" scrollable="false" selected="false" bounds="[0,0][1080,1776]" displayed="true">
    <android.widget.LinearLayout index="0" package="com.android.settings" class="android.widget.LinearLayout" text="" checkable="false" checked="false" clickable="false" enabled="true" focusable="false" focused="false" long-clickable="false" password="false" scrollable="false" selected="false" bounds="[0,0][1080,1776]" displayed="true">
      <android.widget.FrameLayout index="0" package="com.android.settings" class="android.widget.FrameLayout" text="" resource-id="android:id/content" checkable="false" checked="false" clickable="false" enabled="true" focusable="false" focused="false" long-clickable="false" password="false" scrollable="false" selected="false" bounds="[0,72][1080,1776]" displayed="true">
        <android.widget.LinearLayout index="0" package="com.android.settings" class="android.widget.LinearLayout" text="" resource-id="com.android.settings:id/content_parent" checkable="false" checked="false" clickable="false" enabled="true" focusable="false" focused="false" long-clickable="false" password="false" scrollable="false" selected="false" bounds="[0,72][1080,1776]" displayed="true">
          <android.widget.FrameLayout index="1" package="com.android.settings" class="android.widget.FrameLayout" text="" resource-id="com.android.settings:id/content_frame" checkable="false" checked="false" clickable="false" enabled="true" focusable="false" focused="false" long-clickable="false" password="false" scrollable="false" selected="false" bounds="[0,72][1080,1776]" displayed="true">
            <android.widget.LinearLayout index="0" package="com.android.settings" class="android.widget.LinearLayout" text="" checkable="false" checked="false" clickable="false" enabled="true" focusable="false" focused="false" long-clickable="false" password="false" scrollable="false" selected="false" bounds="[0,72][1080,1776]" displayed="true">
              <android.widget.FrameLayout index="0" package="com.android.settings" class="android.widget.FrameLayout" text="" resource-id="com.android.settings:id/search_bar_container" checkable="false" checked="false" clickable="false" enabled="true" focusable="false" focused="false" long-clickable="false" password="false" scrollable="false" selected="false" bounds="[0,72][1080,312]" displayed="true">
                <android.widget.FrameLayout index="0" package="com.android.settings" class="android.widget.FrameLayout" text="" resource-id="com.android.settings:id/search_bar" checkable="false" checked="false" clickable="false" enabled="true" focusable="false" focused="false" long-clickable="false" password="false" scrollable="false" selected="false" bounds="[48,120][1032,264]" displayed="true">
                  <android.view.ViewGroup index="0" package="com.android.settings" class="android.view.ViewGroup" text="" resource-id="com.android.settings:id/search_action_bar" checkable="false" checked="false" clickable="true" enabled="true" focusable="true" focused="false" long-clickable="false" password="false" scrollable="false" selected="false" bounds="[48,120][1032,264]" displayed="true">
                    <android.widget.ImageButton index="0" package="com.android.settings" class="android.widget.ImageButton" text="" content-desc="Navigate up" checkable="false" checked="false" clickable="false" enabled="true" focusable="true" focused="false" long-clickable="false" password="false" scrollable="false" selected="false" bounds="[48,120][216,264]" displayed="true" />
                    <android.widget.TextView index="1" package="com.android.settings" class="android.widget.TextView" text="Search settings" resource-id="com.android.settings:id/search_action_bar_title" checkable="false" checked="false" clickable="false" enabled="true" focusable="false" focused="false" long-clickable="false" password="false" scrollable="false" selected="false" bounds="[240,159][572,224]" displayed="true" />
                  </android.view.ViewGroup>
                </android.widget.FrameLayout>
              </android.widget.FrameLayout>
              <android.widget.FrameLayout index="1" package="com.android.settings" class="android.widget.FrameLayout" text="" resource-id="com.android.settings:id/main_content" checkable="false" checked="false" clickable="false" enabled="true" focusable="false" focused="false" long-clickable="false" password="false" scrollable="false" selected="false" bounds="[0,312][1080,1776]" displayed="true">
                <android.support.v7.widget.RecyclerView index="0" package="com.android.settings" class="android.support.v7.widget.RecyclerView" text="" resource-id="com.android.settings:id/dashboard_container" checkable="false" checked="false" clickable="false" enabled="true" focusable="true" focused="false" long-clickable="false" password="false" scrollable="true" selected="false" bounds="[0,312][1080,1776]" displayed="true">
                  <android.widget.LinearLayout index="0" package="com.android.settings" class="android.widget.LinearLayout" text="" checkable="false" checked="false" clickable="false" enabled="true" focusable="false" focused="false" long-clickable="false" password="false" scrollable="false" selected="false" bounds="[0,312][1080,896]" displayed="true">
                    <android.support.v7.widget.RecyclerView index="0" package="com.android.settings" class="android.support.v7.widget.RecyclerView" text="" resource-id="com.android.settings:id/suggestion_list" checkable="false" checked="false" clickable="false" enabled="true" focusable="true" focused="false" long-clickable="false" password="false" scrollable="false" selected="false" bounds="[0,318][1080,896]" displayed="true">
                      <android.widget.FrameLayout index="0" package="com.android.settings" class="android.widget.FrameLayout" text="" resource-id="com.android.settings:id/suggestion_card" checkable="false" checked="false" clickable="false" enabled="true" focusable="false" focused="false" long-clickable="false" password="false" scrollable="false" selected="false" bounds="[48,318][1032,848]" displayed="true">
                        <android.widget.LinearLayout index="0" package="com.android.settings" class="android.widget.LinearLayout" text="" checkable="false" checked="false" clickable="false" enabled="true" focusable="false" focused="false" long-clickable="false" password="false" scrollable="false" selected="false" bounds="[54,327][1026,839]" displayed="true">
                          <android.widget.RelativeLayout index="0" package="com.android.settings" class="android.widget.RelativeLayout" text="" checkable="false" checked="false" clickable="false" enabled="true" focusable="false" focused="false" long-clickable="false" password="false" scrollable="false" selected="false" bounds="[54,327][1026,471]" displayed="true">
                            <android.widget.ImageView index="0" package="com.android.settings" class="android.widget.ImageView" text="" resource-id="android:id/icon" checkable="false" checked="false" clickable="false" enabled="true" focusable="false" focused="false" long-clickable="false" password="false" scrollable="false" selected="false" bounds="[90,375][162,447]" displayed="true" />
                            <android.widget.FrameLayout index="1" package="com.android.settings" class="android.widget.FrameLayout" text="" content-desc="Close" resource-id="com.android.settings:id/close_button" checkable="false" checked="false" clickable="true" enabled="true" focusable="true" focused="false" long-clickable="false" password="false" scrollable="false" selected="false" bounds="[882,327][1026,471]" displayed="true">
                              <android.widget.ImageView index="0" package="com.android.settings" class="android.widget.ImageView" text="" checkable="false" checked="false" clickable="false" enabled="true" focusable="false" focused="false" long-clickable="false" password="false" scrollable="false" selected="false" bounds="[948,351][1002,405]" displayed="true" />
                            </android.widget.FrameLayout>
                          </android.widget.RelativeLayout>
                          <android.widget.TextView index="1" package="com.android.settings" class="android.widget.TextView" text="Finish setting up your device" resource-id="android:id/title" checkable="false" checked="false" clickable="false" enabled="true" focusable="false" focused="false" long-clickable="false" password="false" scrollable="false" selected="false" bounds="[90,471][990,536]" displayed="true" />
                          <android.widget.TextView index="2" package="com.android.settings" class="android.widget.TextView" text="Copy your data, set wallpaper, and more" resource-id="android:id/summary" checkable="false" checked="false" clickable="false" enabled="true" focusable="false" focused="false" long-clickable="false" password="false" scrollable="false" selected="false" bounds="[90,536][990,593]" displayed="true" />
                          <android.widget.FrameLayout index="3" package="com.android.settings" class="android.widget.FrameLayout" text="" checkable="false" checked="false" clickable="false" enabled="true" focusable="false" focused="false" long-clickable="false" password="false" scrollable="false" selected="false" bounds="[78,641][342,785]" displayed="true">
                            <android.widget.Button index="0" package="com.android.settings" class="android.widget.Button" text="OK" resource-id="android:id/primary" checkable="false" checked="false" clickable="true" enabled="true" focusable="true" focused="false" long-clickable="false" password="false" scrollable="false" selected="false" bounds="[78,641][342,785]" displayed="true" />
                          </android.widget.FrameLayout>
                        </android.widget.LinearLayout>
                      </android.widget.FrameLayout>
                    </android.support.v7.widget.RecyclerView>
                  </android.widget.LinearLayout>
                  <android.widget.LinearLayout index="1" package="com.android.settings" class="android.widget.LinearLayout" text="" resource-id="com.android.settings:id/dashboard_tile" checkable="false" checked="false" clickable="true" enabled="true" focusable="true" focused="false" long-clickable="false" password="false" scrollable="false" selected="false" bounds="[0,896][1080,1112]" displayed="true">
                    <android.widget.ImageView index="0" package="com.android.settings" class="android.widget.ImageView" text="" resource-id="android:id/icon" checkable="false" checked="false" clickable="false" enabled="true" focusable="false" focused="false" long-clickable="false" password="false" scrollable="false" selected="false" bounds="[54,950][162,1058]" displayed="true" />
                    <android.widget.LinearLayout index="1" package="com.android.settings" class="android.widget.LinearLayout" text="" checkable="false" checked="false" clickable="false" enabled="true" focusable="false" focused="false" long-clickable="false" password="false" scrollable="false" selected="false" bounds="[216,943][1080,1065]" displayed="true">
                      <android.widget.TextView index="0" package="com.android.settings" class="android.widget.TextView" text="Network &amp; internet" resource-id="android:id/title" checkable="false" checked="false" clickable="false" enabled="true" focusable="false" focused="false" long-clickable="false" password="false" scrollable="false" selected="false" bounds="[216,943][612,1008]" displayed="true" />
                      <android.widget.TextView index="1" package="com.android.settings" class="android.widget.TextView" text="Wi‑Fi, mobile, data usage" resource-id="android:id/summary" checkable="false" checked="false" clickable="false" enabled="true" focusable="false" focused="false" long-clickable="false" password="false" scrollable="false" selected="false" bounds="[216,1008][733,1065]" displayed="true" />
                    </android.widget.LinearLayout>
                  </android.widget.LinearLayout>
                  <android.widget.LinearLayout index="2" package="com.android.settings" class="android.widget.LinearLayout" text="" resource-id="com.android.settings:id/dashboard_tile" checkable="false" checked="false" clickable="true" enabled="true" focusable="true" focused="false" long-clickable="false" password="false" scrollable="false" selected="false" bounds="[0,1112][1080,1328]" displayed="true">
                    <android.widget.ImageView index="0" package="com.android.settings" class="android.widget.ImageView" text="" resource-id="android:id/icon" checkable="false" checked="false" clickable="false" enabled="true" focusable="false" focused="false" long-clickable="false" password="false" scrollable="false" selected="false" bounds="[54,1166][162,1274]" displayed="true" />
                    <android.widget.LinearLayout index="1" package="com.android.settings" class="android.widget.LinearLayout" text="" checkable="false" checked="false" clickable="false" enabled="true" focusable="false" focused="false" long-clickable="false" password="false" scrollable="false" selected="false" bounds="[216,1159][1080,1281]" displayed="true">
                      <android.widget.TextView index="0" package="com.android.settings" class="android.widget.TextView" text="Connected devices" resource-id="android:id/title" checkable="false" checked="false" clickable="false" enabled="true" focusable="false" focused="false" long-clickable="false" password="false" scrollable="false" selected="false" bounds="[216,1159][620,1224]" displayed="true" />
                      <android.widget.TextView index="1" package="com.android.settings" class="android.widget.TextView" text="Bluetooth" resource-id="android:id/summary" checkable="false" checked="false" clickable="false" enabled="true" focusable="false" focused="false" long-clickable="false" password="false" scrollable="false" selected="false" bounds="[216,1224][450,1281]" displayed="true" />
                    </android.widget.LinearLayout>
                  </android.widget.LinearLayout>
                  <android.widget.LinearLayout index="3" package="com.android.settings" class="android.widget.LinearLayout" text="" resource-id="com.android.settings:id/dashboard_tile" checkable="false" checked="false" clickable="true" enabled="true" focusable="true" focused="false" long-clickable="false" password="false" scrollable="false" selected="false" bounds="[0,1328][1080,1544]" displayed="true">
                    <android.widget.ImageView index="0" package="com.android.settings" class="android.widget.ImageView" text="" resource-id="android:id/icon" checkable="false" checked="false" clickable="false" enabled="true" focusable="false" focused="false" long-clickable="false" password="false" scrollable="false" selected="false" bounds="[54,1382][162,1490]" displayed="true" />
                    <android.widget.LinearLayout index="1" package="com.android.settings" class="android.widget.LinearLayout" text="" checkable="false" checked="false" clickable="false" enabled="true" focusable="false" focused="false" long-clickable="false" password="false" scrollable="false" selected="false" bounds="[216,1375][1080,1497]" displayed="true">
                      <android.widget.TextView index="0" package="com.android.settings" class="android.widget.TextView" text="Apps &amp; notifications" resource-id="android:id/title" checkable="false" checked="false" clickable="false" enabled="true" focusable="false" focused="false" long-clickable="false" password="false" scrollable="false" selected="false" bounds="[216,1375][647,1440]" displayed="true" />
                      <android.widget.TextView index="1" package="com.android.settings" class="android.widget.TextView" text="Permissions, default apps" resource-id="android:id/summary" checkable="false" checked="false" clickable="false" enabled="true" focusable="false" focused="false" long-clickable="false" password="false" scrollable="false" selected="false" bounds="[216,1440][755,1497]" displayed="true" />
                    </android.widget.LinearLayout>
                  </android.widget.LinearLayout>
                  <android.widget.LinearLayout index="4" package="com.android.settings" class="android.widget.LinearLayout" text="" resource-id="com.android.settings:id/dashboard_tile" checkable="false" checked="false" clickable="true" enabled="true" focusable="true" focused="false" long-clickable="false" password="false" scrollable="false" selected="false" bounds="[0,1544][1080,1760]" displayed="true">
                    <android.widget.ImageView index="0" package="com.android.settings" class="android.widget.ImageView" text="" resource-id="android:id/icon" checkable="false" checked="false" clickable="false" enabled="true" focusable="false" focused="false" long-clickable="false" password="false" scrollable="false" selected="false" bounds="[54,1598][162,1706]" displayed="true" />
                    <android.widget.LinearLayout index="1" package="com.android.settings" class="android.widget.LinearLayout" text="" checkable="false" checked="false" clickable="false" enabled="true" focusable="false" focused="false" long-clickable="false" password="false" scrollable="false" selected="false" bounds="[216,1591][1080,1713]" displayed="true">
                      <android.widget.TextView index="0" package="com.android.settings" class="android.widget.TextView" text="Battery" resource-id="android:id/title" checkable="false" checked="false" clickable="false" enabled="true" focusable="false" focused="false" long-clickable="false" password="false" scrollable="false" selected="false" bounds="[216,1591][368,1656]" displayed="true" />
                      <android.widget.TextView index="1" package="com.android.settings" class="android.widget.TextView" text="100%" resource-id="android:id/summary" checkable="false" checked="false" clickable="false" enabled="true" focusable="false" focused="false" long-clickable="false" password="false" scrollable="false" selected="false" bounds="[216,1656][373,1713]" displayed="true" />
                    </android.widget.LinearLayout>
                  </android.widget.LinearLayout>
                  <android.widget.LinearLayout index="5" package="com.android.settings" class="android.widget.LinearLayout" text="" resource-id="com.android.settings:id/dashboard_tile" checkable="false" checked="false" clickable="true" enabled="true" focusable="true" focused="false" long-clickable="false" password="false" scrollable="false" selected="false" bounds="[0,1760][1080,1776]" displayed="true" />
                </android.support.v7.widget.RecyclerView>
              </android.widget.FrameLayout>
            </android.widget.LinearLayout>
          </android.widget.FrameLayout>
        </android.widget.LinearLayout>
      </android.widget.FrameLayout>
    </android.widget.LinearLayout>
  </android.widget.FrameLayout>
</hierarchy>
