23:48:14.113 [main] INFO  settingsAppTest1 - close driver
23:49:28.142 [main] INFO  settingsAppTest1 - Create Appium driver for local execution
23:49:39.732 [main] INFO  settingsAppTest1 - <?xml version='1.0' encoding='UTF-8' standalone='yes' ?>
<hierarchy index="0" class="hierarchy" rotation="0" width="1080" height="1776">
  <android.widget.FrameLayout index="0" package="io.cloudgrey.the_app" class="android.widget.FrameLayout" text="" checkable="false" checked="false" clickable="false" enabled="true" focusable="false" focused="false" long-clickable="false" password="false" scrollable="false" selected="false" bounds="[0,0][1080,1776]" displayed="true">
    <android.widget.LinearLayout index="0" package="io.cloudgrey.the_app" class="android.widget.LinearLayout" text="" checkable="false" checked="false" clickable="false" enabled="true" focusable="false" focused="false" long-clickable="false" password="false" scrollable="false" selected="false" bounds="[0,0][1080,1776]" displayed="true">
      <android.widget.FrameLayout index="0" package="io.cloudgrey.the_app" class="android.widget.FrameLayout" text="" checkable="false" checked="false" clickable="false" enabled="true" focusable="false" focused="false" long-clickable="false" password="false" scrollable="false" selected="false" bounds="[0,72][1080,1776]" displayed="true">
        <android.widget.LinearLayout index="0" package="io.cloudgrey.the_app" class="android.widget.LinearLayout" text="" resource-id="io.cloudgrey.the_app:id/action_bar_root" checkable="false" checked="false" clickable="false" enabled="true" focusable="false" focused="false" long-clickable="false" password="false" scrollable="false" selected="false" bounds="[0,72][1080,1776]" displayed="true">
          <android.widget.FrameLayout index="0" package="io.cloudgrey.the_app" class="android.widget.FrameLayout" text="" resource-id="android:id/content" checkable="false" checked="false" clickable="false" enabled="true" focusable="false" focused="false" long-clickable="false" password="false" scrollable="false" selected="false" bounds="[0,72][1080,1776]" displayed="true">
            <android.widget.RelativeLayout index="0" package="io.cloudgrey.the_app" class="android.widget.RelativeLayout" text="" checkable="false" checked="false" clickable="false" enabled="true" focusable="false" focused="false" long-clickable="false" password="false" scrollable="false" selected="false" bounds="[0,72][1080,1776]" displayed="true">
              <android.view.ViewGroup index="0" package="io.cloudgrey.the_app" class="android.view.ViewGroup" text="" checkable="false" checked="false" clickable="false" enabled="true" focusable="false" focused="false" long-clickable="false" password="false" scrollable="false" selected="false" bounds="[0,72][1080,1776]" displayed="true" />
              <android.widget.RelativeLayout index="1" package="io.cloudgrey.the_app" class="android.widget.RelativeLayout" text="" checkable="false" checked="false" clickable="false" enabled="true" focusable="false" focused="false" long-clickable="false" password="false" scrollable="false" selected="false" bounds="[0,72][1080,1776]" displayed="true">
                <android.widget.LinearLayout index="0" package="io.cloudgrey.the_app" class="android.widget.LinearLayout" text="" checkable="false" checked="false" clickable="false" enabled="true" focusable="false" focused="false" long-clickable="false" password="false" scrollable="false" selected="false" bounds="[0,72][1080,240]" displayed="true">
                  <android.widget.FrameLayout index="0" package="io.cloudgrey.the_app" class="android.widget.FrameLayout" text="" checkable="false" checked="false" clickable="false" enabled="true" focusable="false" focused="false" long-clickable="false" password="false" scrollable="false" selected="false" bounds="[0,72][1080,240]" displayed="true">
                    <android.view.ViewGroup index="0" package="io.cloudgrey.the_app" class="android.view.ViewGroup" text="" checkable="false" checked="false" clickable="false" enabled="true" focusable="false" focused="false" long-clickable="false" password="false" scrollable="false" selected="false" bounds="[0,72][1080,240]" displayed="true">
                      <android.widget.TextView index="0" package="io.cloudgrey.the_app" class="android.widget.TextView" text="The App" checkable="false" checked="false" clickable="false" enabled="true" focusable="false" focused="false" long-clickable="false" password="false" scrollable="false" selected="false" bounds="[48,115][271,196]" displayed="true" />
                    </android.view.ViewGroup>
                  </android.widget.FrameLayout>
                </android.widget.LinearLayout>
                <android.widget.FrameLayout index="1" package="io.cloudgrey.the_app" class="android.widget.FrameLayout" text="" checkable="false" checked="false" clickable="false" enabled="true" focusable="false" focused="false" long-clickable="false" password="false" scrollable="false" selected="false" bounds="[0,240][1080,1776]" displayed="true">
                  <android.widget.ScrollView index="0" package="io.cloudgrey.the_app" class="android.widget.ScrollView" text="" checkable="false" checked="false" clickable="false" enabled="true" focusable="true" focused="false" long-clickable="false" password="false" scrollable="true" selected="false" bounds="[0,240][1080,1776]" displayed="true">
                    <android.view.ViewGroup index="0" package="io.cloudgrey.the_app" class="android.view.ViewGroup" text="" checkable="false" checked="false" clickable="false" enabled="true" focusable="false" focused="false" long-clickable="false" password="false" scrollable="false" selected="false" bounds="[0,240][1080,1776]" displayed="true">
                      <android.widget.TextView index="0" package="io.cloudgrey.the_app" class="android.widget.TextView" text="Choose An Awesome View" checkable="false" checked="false" clickable="false" enabled="true" focusable="false" focused="false" long-clickable="false" password="false" scrollable="false" selected="false" bounds="[0,240][1080,345]" displayed="true" />
                      <android.view.ViewGroup index="1" package="io.cloudgrey.the_app" class="android.view.ViewGroup" text="" checkable="false" checked="false" clickable="false" enabled="true" focusable="false" focused="false" long-clickable="false" password="false" scrollable="false" selected="false" bounds="[0,345][1080,1776]" displayed="true">
                        <android.view.ViewGroup index="0" package="io.cloudgrey.the_app" class="android.view.ViewGroup" text="" content-desc="Echo Box" checkable="false" checked="false" clickable="false" enabled="true" focusable="true" focused="false" long-clickable="false" password="false" scrollable="false" selected="false" bounds="[0,348][1080,520]" displayed="true">
                          <android.widget.TextView index="0" package="io.cloudgrey.the_app" class="android.widget.TextView" text="Echo Box" checkable="false" checked="false" clickable="false" enabled="true" focusable="false" focused="false" long-clickable="false" password="false" scrollable="false" selected="false" bounds="[60,378][966,435]" displayed="true" />
                          <android.widget.TextView index="1" package="io.cloudgrey.the_app" class="android.widget.TextView" text="Write something and save to local memory" checkable="false" checked="false" clickable="false" enabled="true" focusable="false" focused="false" long-clickable="false" password="false" scrollable="false" selected="false" bounds="[60,438][966,487]" displayed="true" />
                          <android.view.ViewGroup index="2" package="io.cloudgrey.the_app" class="android.view.ViewGroup" text="" checkable="false" checked="false" clickable="false" enabled="true" focusable="true" focused="false" long-clickable="false" password="false" scrollable="false" selected="false" bounds="[966,390][1050,476]" displayed="true">
                            <android.view.ViewGroup index="0" package="io.cloudgrey.the_app" class="android.view.ViewGroup" text="" checkable="false" checked="false" clickable="false" enabled="true" focusable="false" focused="false" long-clickable="false" password="false" scrollable="false" selected="false" bounds="[966,390][1050,476]" displayed="true">
                              <android.widget.TextView index="0" package="io.cloudgrey.the_app" class="android.widget.TextView" text="" checkable="false" checked="false" clickable="false" enabled="true" focusable="false" focused="false" long-clickable="false" password="false" scrollable="false" selected="false" bounds="[966,390][1050,476]" displayed="true" />
                            </android.view.ViewGroup>
                          </android.view.ViewGroup>
                        </android.view.ViewGroup>
                        <android.view.ViewGroup index="1" package="io.cloudgrey.the_app" class="android.view.ViewGroup" text="" content-desc="Login Screen" checkable="false" checked="false" clickable="false" enabled="true" focusable="true" focused="false" long-clickable="false" password="false" scrollable="false" selected="false" bounds="[0,520][1080,692]" displayed="true">
                          <android.widget.TextView index="0" package="io.cloudgrey.the_app" class="android.widget.TextView" text="Login Screen" checkable="false" checked="false" clickable="false" enabled="true" focusable="false" focused="false" long-clickable="false" password="false" scrollable="false" selected="false" bounds="[60,550][966,607]" displayed="true" />
                          <android.widget.TextView index="1" package="io.cloudgrey.the_app" class="android.widget.TextView" text="A fake login screen for testing" checkable="false" checked="false" clickable="false" enabled="true" focusable="false" focused="false" long-clickable="false" password="false" scrollable="false" selected="false" bounds="[60,610][966,659]" displayed="true" />
                          <android.view.ViewGroup index="2" package="io.cloudgrey.the_app" class="android.view.ViewGroup" text="" checkable="false" checked="false" clickable="false" enabled="true" focusable="true" focused="false" long-clickable="false" password="false" scrollable="false" selected="false" bounds="[966,562][1050,648]" displayed="true">
                            <android.view.ViewGroup index="0" package="io.cloudgrey.the_app" class="android.view.ViewGroup" text="" checkable="false" checked="false" clickable="false" enabled="true" focusable="false" focused="false" long-clickable="false" password="false" scrollable="false" selected="false" bounds="[966,562][1050,648]" displayed="true">
                              <android.widget.TextView index="0" package="io.cloudgrey.the_app" class="android.widget.TextView" text="" checkable="false" checked="false" clickable="false" enabled="true" focusable="false" focused="false" long-clickable="false" password="false" scrollable="false" selected="false" bounds="[966,562][1050,648]" displayed="true" />
                            </android.view.ViewGroup>
                          </android.view.ViewGroup>
                        </android.view.ViewGroup>
                        <android.view.ViewGroup index="2" package="io.cloudgrey.the_app" class="android.view.ViewGroup" text="" content-desc="Clipboard Demo" checkable="false" checked="false" clickable="false" enabled="true" focusable="true" focused="false" long-clickable="false" password="false" scrollable="false" selected="false" bounds="[0,692][1080,864]" displayed="true">
                          <android.widget.TextView index="0" package="io.cloudgrey.the_app" class="android.widget.TextView" text="Clipboard Demo" checkable="false" checked="false" clickable="false" enabled="true" focusable="false" focused="false" long-clickable="false" password="false" scrollable="false" selected="false" bounds="[60,722][966,779]" displayed="true" />
                          <android.widget.TextView index="1" package="io.cloudgrey.the_app" class="android.widget.TextView" text="Mess around with the clipboard" checkable="false" checked="false" clickable="false" enabled="true" focusable="false" focused="false" long-clickable="false" password="false" scrollable="false" selected="false" bounds="[60,782][966,831]" displayed="true" />
                          <android.view.ViewGroup index="2" package="io.cloudgrey.the_app" class="android.view.ViewGroup" text="" checkable="false" checked="false" clickable="false" enabled="true" focusable="true" focused="false" long-clickable="false" password="false" scrollable="false" selected="false" bounds="[966,734][1050,820]" displayed="true">
                            <android.view.ViewGroup index="0" package="io.cloudgrey.the_app" class="android.view.ViewGroup" text="" checkable="false" checked="false" clickable="false" enabled="true" focusable="false" focused="false" long-clickable="false" password="false" scrollable="false" selected="false" bounds="[966,734][1050,820]" displayed="true">
                              <android.widget.TextView index="0" package="io.cloudgrey.the_app" class="android.widget.TextView" text="" checkable="false" checked="false" clickable="false" enabled="true" focusable="false" focused="false" long-clickable="false" password="false" scrollable="false" selected="false" bounds="[966,734][1050,820]" displayed="true" />
                            </android.view.ViewGroup>
                          </android.view.ViewGroup>
                        </android.view.ViewGroup>
                        <android.view.ViewGroup index="3" package="io.cloudgrey.the_app" class="android.view.ViewGroup" text="" content-desc="Webview Demo" checkable="false" checked="false" clickable="false" enabled="true" focusable="true" focused="false" long-clickable="false" password="false" scrollable="false" selected="false" bounds="[0,864][1080,1036]" displayed="true">
                          <android.widget.TextView index="0" package="io.cloudgrey.the_app" class="android.widget.TextView" text="Webview Demo" checkable="false" checked="false" clickable="false" enabled="true" focusable="false" focused="false" long-clickable="false" password="false" scrollable="false" selected="false" bounds="[60,894][966,951]" displayed="true" />
                          <android.widget.TextView index="1" package="io.cloudgrey.the_app" class="android.widget.TextView" text="Explore the possibilities of hybrid apps" checkable="false" checked="false" clickable="false" enabled="true" focusable="false" focused="false" long-clickable="false" password="false" scrollable="false" selected="false" bounds="[60,954][966,1003]" displayed="true" />
                          <android.view.ViewGroup index="2" package="io.cloudgrey.the_app" class="android.view.ViewGroup" text="" checkable="false" checked="false" clickable="false" enabled="true" focusable="true" focused="false" long-clickable="false" password="false" scrollable="false" selected="false" bounds="[966,906][1050,992]" displayed="true">
                            <android.view.ViewGroup index="0" package="io.cloudgrey.the_app" class="android.view.ViewGroup" text="" checkable="false" checked="false" clickable="false" enabled="true" focusable="false" focused="false" long-clickable="false" password="false" scrollable="false" selected="false" bounds="[966,906][1050,992]" displayed="true">
                              <android.widget.TextView index="0" package="io.cloudgrey.the_app" class="android.widget.TextView" text="" checkable="false" checked="false" clickable="false" enabled="true" focusable="false" focused="false" long-clickable="false" password="false" scrollable="false" selected="false" bounds="[966,906][1050,992]" displayed="true" />
                            </android.view.ViewGroup>
                          </android.view.ViewGroup>
                        </android.view.ViewGroup>
                        <android.view.ViewGroup index="4" package="io.cloudgrey.the_app" class="android.view.ViewGroup" text="" content-desc="List Demo" checkable="false" checked="false" clickable="false" enabled="true" focusable="true" focused="false" long-clickable="false" password="false" scrollable="false" selected="false" bounds="[0,1036][1080,1208]" displayed="true">
                          <android.widget.TextView index="0" package="io.cloudgrey.the_app" class="android.widget.TextView" text="List Demo" checkable="false" checked="false" clickable="false" enabled="true" focusable="false" focused="false" long-clickable="false" password="false" scrollable="false" selected="false" bounds="[60,1066][966,1123]" displayed="true" />
                          <android.widget.TextView index="1" package="io.cloudgrey.the_app" class="android.widget.TextView" text="Scroll through a list of stuff" checkable="false" checked="false" clickable="false" enabled="true" focusable="false" focused="false" long-clickable="false" password="false" scrollable="false" selected="false" bounds="[60,1126][966,1175]" displayed="true" />
                          <android.view.ViewGroup index="2" package="io.cloudgrey.the_app" class="android.view.ViewGroup" text="" checkable="false" checked="false" clickable="false" enabled="true" focusable="true" focused="false" long-clickable="false" password="false" scrollable="false" selected="false" bounds="[966,1078][1050,1164]" displayed="true">
                            <android.view.ViewGroup index="0" package="io.cloudgrey.the_app" class="android.view.ViewGroup" text="" checkable="false" checked="false" clickable="false" enabled="true" focusable="false" focused="false" long-clickable="false" password="false" scrollable="false" selected="false" bounds="[966,1078][1050,1164]" displayed="true">
                              <android.widget.TextView index="0" package="io.cloudgrey.the_app" class="android.widget.TextView" text="" checkable="false" checked="false" clickable="false" enabled="true" focusable="false" focused="false" long-clickable="false" password="false" scrollable="false" selected="false" bounds="[966,1078][1050,1164]" displayed="true" />
                            </android.view.ViewGroup>
                          </android.view.ViewGroup>
                        </android.view.ViewGroup>
                        <android.view.ViewGroup index="5" package="io.cloudgrey.the_app" class="android.view.ViewGroup" text="" content-desc="Photo Demo" checkable="false" checked="false" clickable="false" enabled="true" focusable="true" focused="false" long-clickable="false" password="false" scrollable="false" selected="false" bounds="[0,1208][1080,1380]" displayed="true">
                          <android.widget.TextView index="0" package="io.cloudgrey.the_app" class="android.widget.TextView" text="Photo Demo" checkable="false" checked="false" clickable="false" enabled="true" focusable="false" focused="false" long-clickable="false" password="false" scrollable="false" selected="false" bounds="[60,1238][966,1295]" displayed="true" />
                          <android.widget.TextView index="1" package="io.cloudgrey.the_app" class="android.widget.TextView" text="Some photos with no distinguishing IDs" checkable="false" checked="false" clickable="false" enabled="true" focusable="false" focused="false" long-clickable="false" password="false" scrollable="false" selected="false" bounds="[60,1298][966,1347]" displayed="true" />
                          <android.view.ViewGroup index="2" package="io.cloudgrey.the_app" class="android.view.ViewGroup" text="" checkable="false" checked="false" clickable="false" enabled="true" focusable="true" focused="false" long-clickable="false" password="false" scrollable="false" selected="false" bounds="[966,1250][1050,1336]" displayed="true">
                            <android.view.ViewGroup index="0" package="io.cloudgrey.the_app" class="android.view.ViewGroup" text="" checkable="false" checked="false" clickable="false" enabled="true" focusable="false" focused="false" long-clickable="false" password="false" scrollable="false" selected="false" bounds="[966,1250][1050,1336]" displayed="true">
                              <android.widget.TextView index="0" package="io.cloudgrey.the_app" class="android.widget.TextView" text="" checkable="false" checked="false" clickable="false" enabled="true" focusable="false" focused="false" long-clickable="false" password="false" scrollable="false" selected="false" bounds="[966,1250][1050,1336]" displayed="true" />
                            </android.view.ViewGroup>
                          </android.view.ViewGroup>
                        </android.view.ViewGroup>
                        <android.view.ViewGroup index="6" package="io.cloudgrey.the_app" class="android.view.ViewGroup" text="" content-desc="Geolocation Demo" checkable="false" checked="false" clickable="false" enabled="true" focusable="true" focused="false" long-clickable="false" password="false" scrollable="false" selected="false" bounds="[0,1380][1080,1552]" displayed="true">
                          <android.widget.TextView index="0" package="io.cloudgrey.the_app" class="android.widget.TextView" text="Geolocation Demo" checkable="false" checked="false" clickable="false" enabled="true" focusable="false" focused="false" long-clickable="false" password="false" scrollable="false" selected="false" bounds="[60,1410][966,1467]" displayed="true" />
                          <android.widget.TextView index="1" package="io.cloudgrey.the_app" class="android.widget.TextView" text="Use the camera and the photo library" checkable="false" checked="false" clickable="false" enabled="true" focusable="false" focused="false" long-clickable="false" password="false" scrollable="false" selected="false" bounds="[60,1470][966,1519]" displayed="true" />
                          <android.view.ViewGroup index="2" package="io.cloudgrey.the_app" class="android.view.ViewGroup" text="" checkable="false" checked="false" clickable="false" enabled="true" focusable="true" focused="false" long-clickable="false" password="false" scrollable="false" selected="false" bounds="[966,1422][1050,1508]" displayed="true">
                            <android.view.ViewGroup index="0" package="io.cloudgrey.the_app" class="android.view.ViewGroup" text="" checkable="false" checked="false" clickable="false" enabled="true" focusable="false" focused="false" long-clickable="false" password="false" scrollable="false" selected="false" bounds="[966,1422][1050,1508]" displayed="true">
                              <android.widget.TextView index="0" package="io.cloudgrey.the_app" class="android.widget.TextView" text="" checkable="false" checked="false" clickable="false" enabled="true" focusable="false" focused="false" long-clickable="false" password="false" scrollable="false" selected="false" bounds="[966,1422][1050,1508]" displayed="true" />
                            </android.view.ViewGroup>
                          </android.view.ViewGroup>
                        </android.view.ViewGroup>
                        <android.view.ViewGroup index="7" package="io.cloudgrey.the_app" class="android.view.ViewGroup" text="" content-desc="Picker Demo" checkable="false" checked="false" clickable="false" enabled="true" focusable="true" focused="false" long-clickable="false" password="false" scrollable="false" selected="false" bounds="[0,1552][1080,1724]" displayed="true">
                          <android.widget.TextView index="0" package="io.cloudgrey.the_app" class="android.widget.TextView" text="Picker Demo" checkable="false" checked="false" clickable="false" enabled="true" focusable="false" focused="false" long-clickable="false" password="false" scrollable="false" selected="false" bounds="[60,1582][966,1639]" displayed="true" />
                          <android.widget.TextView index="1" package="io.cloudgrey.the_app" class="android.widget.TextView" text="Use some picker wheels for fun and profit" checkable="false" checked="false" clickable="false" enabled="true" focusable="false" focused="false" long-clickable="false" password="false" scrollable="false" selected="false" bounds="[60,1642][966,1691]" displayed="true" />
                          <android.view.ViewGroup index="2" package="io.cloudgrey.the_app" class="android.view.ViewGroup" text="" checkable="false" checked="false" clickable="false" enabled="true" focusable="true" focused="false" long-clickable="false" password="false" scrollable="false" selected="false" bounds="[966,1594][1050,1680]" displayed="true">
                            <android.view.ViewGroup index="0" package="io.cloudgrey.the_app" class="android.view.ViewGroup" text="" checkable="false" checked="false" clickable="false" enabled="true" focusable="false" focused="false" long-clickable="false" password="false" scrollable="false" selected="false" bounds="[966,1594][1050,1680]" displayed="true">
                              <android.widget.TextView index="0" package="io.cloudgrey.the_app" class="android.widget.TextView" text="" checkable="false" checked="false" clickable="false" enabled="true" focusable="false" focused="false" long-clickable="false" password="false" scrollable="false" selected="false" bounds="[966,1594][1050,1680]" displayed="true" />
                            </android.view.ViewGroup>
                          </android.view.ViewGroup>
                        </android.view.ViewGroup>
                        <android.view.ViewGroup index="8" package="io.cloudgrey.the_app" class="android.view.ViewGroup" text="" content-desc="Verify Phone Number" checkable="false" checked="false" clickable="false" enabled="true" focusable="true" focused="false" long-clickable="false" password="false" scrollable="false" selected="false" bounds="[0,1724][1080,1776]" displayed="true">
                          <android.widget.TextView index="0" package="io.cloudgrey.the_app" class="android.widget.TextView" text="Verify Phone Number" checkable="false" checked="false" clickable="false" enabled="true" focusable="false" focused="false" long-clickable="false" password="false" scrollable="false" selected="false" bounds="[60,1754][966,1776]" displayed="true" />
                          <android.view.ViewGroup index="2" package="io.cloudgrey.the_app" class="android.view.ViewGroup" text="" checkable="false" checked="false" clickable="false" enabled="true" focusable="true" focused="false" long-clickable="false" password="false" scrollable="false" selected="false" bounds="[966,1766][1050,1776]" displayed="true">
                            <android.view.ViewGroup index="0" package="io.cloudgrey.the_app" class="android.view.ViewGroup" text="" checkable="false" checked="false" clickable="false" enabled="true" focusable="false" focused="false" long-clickable="false" password="false" scrollable="false" selected="false" bounds="[966,1766][1050,1776]" displayed="true">
                              <android.widget.TextView index="0" package="io.cloudgrey.the_app" class="android.widget.TextView" text="" checkable="false" checked="false" clickable="false" enabled="true" focusable="false" focused="false" long-clickable="false" password="false" scrollable="false" selected="false" bounds="[966,1766][1050,1776]" displayed="true" />
                            </android.view.ViewGroup>
                          </android.view.ViewGroup>
                        </android.view.ViewGroup>
                      </android.view.ViewGroup>
                    </android.view.ViewGroup>
                  </android.widget.ScrollView>
                </android.widget.FrameLayout>
              </android.widget.RelativeLayout>
            </android.widget.RelativeLayout>
          </android.widget.FrameLayout>
        </android.widget.LinearLayout>
      </android.widget.FrameLayout>
    </android.widget.LinearLayout>
  </android.widget.FrameLayout>
</hierarchy>
